<?xml version="1.0" encoding="UTF-8"?>
<!-- Generated by org.testng.reporters.JUnitReportReporter -->
<testsuite hostname="LAPTOP-N33AL69S" failures="0" tests="1" name="com.org.testcases.LoginPagetestcases" time="9.299" errors="0" timestamp="2021-03-04T21:15:35 IST" skipped="0">
  <testcase classname="com.org.testcases.LoginPagetestcases" name="TC002" time="9.299"/>
  <system-out>
<a title= "Snapshot" href="C:\Users\joesu\eclipse-workspace\Automation_Testing_world\.\Screenshots\nothing.png"><img width="418" height="240" alt="alternativeName" title="title" src="../surefire-reports/html/screenshots/./Screenshots/nothing.png"</a>  </system-out>
</testsuite> <!-- com.org.testcases.LoginPagetestcases -->
