<?xml version="1.0" encoding="UTF-8"?>
<!-- Generated by org.testng.reporters.JUnitReportReporter -->
<testsuite hostname="LAPTOP-N33AL69S" failures="0" tests="1" name="com.org.base.InitiateDriver" time="7.259" errors="0" timestamp="2021-03-01T20:11:24 IST" skipped="0">
  <testcase classname="com.org.base.InitiateDriver" name="sample" time="7.259"/>
  <system-out/>
</testsuite> <!-- com.org.base.InitiateDriver -->
