<?xml version="1.0" encoding="UTF-8"?>
<!-- Generated by org.testng.reporters.JUnitReportReporter -->
<testsuite hostname="LAPTOP-N33AL69S" failures="0" tests="1" name="com.org.testcases.Registrationfunctionality" time="6.657" errors="0" timestamp="2021-03-04T21:15:35 IST" skipped="0">
  <testcase classname="com.org.testcases.Registrationfunctionality" name="TC001" time="6.657"/>
  <system-out/>
</testsuite> <!-- com.org.testcases.Registrationfunctionality -->
